<?xml version="1.0" encoding="UTF-8"?>
<!-- Generated by org.testng.reporters.JUnitReportReporter -->
<testsuite hostname="student-virtual-machine" name="com.AttendBackEnd.AppTest" tests="1" failures="0" timestamp="2 Sep 2016 18:39:25 GMT" time="0.002" errors="0">
  <testcase name="testApp" time="0.002" classname="com.AttendBackEnd.AppTest"/>
</testsuite> <!-- com.AttendBackEnd.AppTest -->
